0 info it worked if it ends with ok
1 verbose cli [ 'D:\\DigitalMedia\\nodejs\\\\node.exe',
1 verbose cli   'D:\\DigitalMedia\\nodejs\\node_modules\\npm\\bin\\npm-cli.js',
1 verbose cli   'install' ]
2 info using npm@2.7.0
3 info using node@v0.12.0
4 verbose node symlink D:\DigitalMedia\nodejs\\node.exe
5 warn package.json ColorJet@1.0.0 No description
6 warn package.json ColorJet@1.0.0 No repository field.
7 warn package.json ColorJet@1.0.0 No README data
8 verbose install where, deps [ 'E:\\_MyWorkSpace\\_GameProject\\ColorJet',
8 verbose install   [ 'alcedo', 'gulp' ] ]
9 verbose install where, peers [ 'E:\\_MyWorkSpace\\_GameProject\\ColorJet', [] ]
10 info preinstall ColorJet@1.0.0
11 silly cache add args [ 'alcedo@git@github.com:tommyZZM/Alcedo.git', null ]
12 verbose cache add spec alcedo@git@github.com:tommyZZM/Alcedo.git
13 verbose already installed skipping gulp@^3.8.11 E:\_MyWorkSpace\_GameProject\ColorJet
14 silly cache add parsed spec { raw: 'alcedo@git@github.com:tommyZZM/Alcedo.git',
14 silly cache add   scope: null,
14 silly cache add   name: 'alcedo',
14 silly cache add   rawSpec: 'git@github.com:tommyZZM/Alcedo.git',
14 silly cache add   spec: 'E:\\_MyWorkSpace\\_GameProject\\ColorJet\\git@github.com:tommyZZM\\Alcedo.git',
14 silly cache add   type: 'local' }
15 error addLocal Could not install E:\_MyWorkSpace\_GameProject\ColorJet\git@github.com:tommyZZM\Alcedo.git
16 verbose stack Error: ENOENT, open 'E:\_MyWorkSpace\_GameProject\ColorJet\git@github.com:tommyZZM\Alcedo.git'
16 verbose stack     at Error (native)
17 verbose cwd E:\_MyWorkSpace\_GameProject\ColorJet
18 error Windows_NT 6.3.9600
19 error argv "D:\\DigitalMedia\\nodejs\\\\node.exe" "D:\\DigitalMedia\\nodejs\\node_modules\\npm\\bin\\npm-cli.js" "install"
20 error node v0.12.0
21 error npm  v2.7.0
22 error path E:\_MyWorkSpace\_GameProject\ColorJet\git@github.com:tommyZZM\Alcedo.git
23 error code ENOENT
24 error errno -4058
25 error enoent ENOENT, open 'E:\_MyWorkSpace\_GameProject\ColorJet\git@github.com:tommyZZM\Alcedo.git'
25 error enoent This is most likely not a problem with npm itself
25 error enoent and is related to npm not being able to find a file.
26 verbose exit [ -4058, true ]
